<?xml version="1.0" encoding="UTF-8"?>
<testsuite name="com.didispace.ApplicationTests" time="0.192" tests="1" errors="0" skipped="0" failures="1">
  <properties>
[...]
</properties>
  <testcase name="getHello" classname="com.didispace.ApplicationTests" time="0.192">
    <failure message="Status expected:&lt;200&gt; but was:&lt;404&gt;" type="java.lang.AssertionError"><![CDATA[java.lang.AssertionError: Status expected:<200> but was:<404>
	at org.springframework.test.util.AssertionErrors.fail(AssertionErrors.java:60)
	at org.springframework.test.util.AssertionErrors.assertEquals(AssertionErrors.java:89)
	at org.springframework.test.web.servlet.result.StatusResultMatchers$10.match(StatusResultMatchers.java:655)
	at org.springframework.test.web.servlet.MockMvc$1.andExpect(MockMvc.java:171)
	at com.didispace.ApplicationTests.getHello(ApplicationTests.java:45)
]]></failure>
    <system-out><![CDATA[10:25:47.204 [main] DEBUG o.s.t.c.j.SpringJUnit4ClassRunner - SpringJUnit4ClassRunner constructor called with [class com.didispace.ApplicationTests]
10:25:47.210 [main] DEBUG o.s.test.context.BootstrapUtils - Instantiating CacheAwareContextLoaderDelegate from class [org.springframework.test.context.cache.DefaultCacheAwareContextLoaderDelegate]
10:25:47.216 [main] DEBUG o.s.test.context.BootstrapUtils - Instantiating BootstrapContext using constructor [public org.springframework.test.context.support.DefaultBootstrapContext(java.lang.Class,org.springframework.test.context.CacheAwareContextLoaderDelegate)]
10:25:47.227 [main] DEBUG o.s.test.context.BootstrapUtils - Instantiating TestContextBootstrapper for test class [com.didispace.ApplicationTests] from class [org.springframework.test.context.web.WebTestContextBootstrapper]
10:25:47.255 [main] DEBUG o.s.t.c.w.WebTestContextBootstrapper - Found explicit ContextLoader class [org.springframework.boot.test.SpringApplicationContextLoader] for context configuration attributes [ContextConfigurationAttributes@57536d79 declaringClass = 'com.didispace.ApplicationTests', classes = '{class org.springframework.mock.web.MockServletContext}', locations = '{}', inheritLocations = true, initializers = '{}', inheritInitializers = true, name = [null], contextLoaderClass = 'org.springframework.boot.test.SpringApplicationContextLoader']
10:25:47.260 [main] DEBUG o.s.t.c.s.AbstractContextLoader - Did not detect default resource location for test class [com.didispace.ApplicationTests]: class path resource [com/didispace/ApplicationTests-context.xml] does not exist
10:25:47.260 [main] DEBUG o.s.t.c.s.AbstractContextLoader - Did not detect default resource location for test class [com.didispace.ApplicationTests]: class path resource [com/didispace/ApplicationTestsContext.groovy] does not exist
10:25:47.260 [main] INFO  o.s.t.c.s.AbstractContextLoader - Could not detect default resource locations for test class [com.didispace.ApplicationTests]: no resource found for suffixes {-context.xml, Context.groovy}.
10:25:47.262 [main] DEBUG o.s.t.c.support.ActiveProfilesUtils - Could not find an 'annotation declaring class' for annotation type [org.springframework.test.context.ActiveProfiles] and class [com.didispace.ApplicationTests]
10:25:47.264 [main] DEBUG o.s.t.c.w.WebTestContextBootstrapper - @TestExecutionListeners is not present for class [com.didispace.ApplicationTests]: using defaults.
10:25:47.270 [main] INFO  o.s.t.c.w.WebTestContextBootstrapper - Loaded default TestExecutionListener class names from location [META-INF/spring.factories]: [org.springframework.test.context.web.ServletTestExecutionListener, org.springframework.test.context.support.DirtiesContextBeforeModesTestExecutionListener, org.springframework.test.context.support.DependencyInjectionTestExecutionListener, org.springframework.test.context.support.DirtiesContextTestExecutionListener, org.springframework.test.context.transaction.TransactionalTestExecutionListener, org.springframework.test.context.jdbc.SqlScriptsTestExecutionListener]
10:25:47.283 [main] INFO  o.s.t.c.w.WebTestContextBootstrapper - Using TestExecutionListeners: [org.springframework.test.context.web.ServletTestExecutionListener@36b4cef0, org.springframework.test.context.support.DirtiesContextBeforeModesTestExecutionListener@fad74ee, org.springframework.test.context.support.DependencyInjectionTestExecutionListener@1a1d6a08, org.springframework.test.context.support.DirtiesContextTestExecutionListener@37d31475, org.springframework.test.context.transaction.TransactionalTestExecutionListener@27808f31, org.springframework.test.context.jdbc.SqlScriptsTestExecutionListener@436e852b]
10:25:47.285 [main] DEBUG o.s.t.annotation.ProfileValueUtils - Retrieved @ProfileValueSourceConfiguration [null] for test class [com.didispace.ApplicationTests]
10:25:47.285 [main] DEBUG o.s.t.annotation.ProfileValueUtils - Retrieved ProfileValueSource type [class org.springframework.test.annotation.SystemProfileValueSource] for class [com.didispace.ApplicationTests]
10:25:47.287 [main] DEBUG o.s.t.c.j.SpringJUnit4ClassRunner - SpringJUnit4ClassRunner constructor called with [class com.didispace.ApplicationTests]
10:25:47.287 [main] DEBUG o.s.test.context.BootstrapUtils - Instantiating CacheAwareContextLoaderDelegate from class [org.springframework.test.context.cache.DefaultCacheAwareContextLoaderDelegate]
10:25:47.288 [main] DEBUG o.s.test.context.BootstrapUtils - Instantiating BootstrapContext using constructor [public org.springframework.test.context.support.DefaultBootstrapContext(java.lang.Class,org.springframework.test.context.CacheAwareContextLoaderDelegate)]
10:25:47.288 [main] DEBUG o.s.test.context.BootstrapUtils - Instantiating TestContextBootstrapper for test class [com.didispace.ApplicationTests] from class [org.springframework.test.context.web.WebTestContextBootstrapper]
10:25:47.289 [main] DEBUG o.s.t.c.w.WebTestContextBootstrapper - Found explicit ContextLoader class [org.springframework.boot.test.SpringApplicationContextLoader] for context configuration attributes [ContextConfigurationAttributes@60285225 declaringClass = 'com.didispace.ApplicationTests', classes = '{class org.springframework.mock.web.MockServletContext}', locations = '{}', inheritLocations = true, initializers = '{}', inheritInitializers = true, name = [null], contextLoaderClass = 'org.springframework.boot.test.SpringApplicationContextLoader']
10:25:47.289 [main] DEBUG o.s.t.c.s.AbstractContextLoader - Did not detect default resource location for test class [com.didispace.ApplicationTests]: class path resource [com/didispace/ApplicationTests-context.xml] does not exist
10:25:47.290 [main] DEBUG o.s.t.c.s.AbstractContextLoader - Did not detect default resource location for test class [com.didispace.ApplicationTests]: class path resource [com/didispace/ApplicationTestsContext.groovy] does not exist
10:25:47.290 [main] INFO  o.s.t.c.s.AbstractContextLoader - Could not detect default resource locations for test class [com.didispace.ApplicationTests]: no resource found for suffixes {-context.xml, Context.groovy}.
10:25:47.290 [main] DEBUG o.s.t.c.support.ActiveProfilesUtils - Could not find an 'annotation declaring class' for annotation type [org.springframework.test.context.ActiveProfiles] and class [com.didispace.ApplicationTests]
10:25:47.290 [main] DEBUG o.s.t.c.w.WebTestContextBootstrapper - @TestExecutionListeners is not present for class [com.didispace.ApplicationTests]: using defaults.
10:25:47.292 [main] INFO  o.s.t.c.w.WebTestContextBootstrapper - Loaded default TestExecutionListener class names from location [META-INF/spring.factories]: [org.springframework.test.context.web.ServletTestExecutionListener, org.springframework.test.context.support.DirtiesContextBeforeModesTestExecutionListener, org.springframework.test.context.support.DependencyInjectionTestExecutionListener, org.springframework.test.context.support.DirtiesContextTestExecutionListener, org.springframework.test.context.transaction.TransactionalTestExecutionListener, org.springframework.test.context.jdbc.SqlScriptsTestExecutionListener]
10:25:47.293 [main] INFO  o.s.t.c.w.WebTestContextBootstrapper - Using TestExecutionListeners: [org.springframework.test.context.web.ServletTestExecutionListener@7b69c6ba, org.springframework.test.context.support.DirtiesContextBeforeModesTestExecutionListener@46daef40, org.springframework.test.context.support.DependencyInjectionTestExecutionListener@12f41634, org.springframework.test.context.support.DirtiesContextTestExecutionListener@13c27452, org.springframework.test.context.transaction.TransactionalTestExecutionListener@262b2c86, org.springframework.test.context.jdbc.SqlScriptsTestExecutionListener@371a67ec]
10:25:47.293 [main] DEBUG o.s.t.annotation.ProfileValueUtils - Retrieved @ProfileValueSourceConfiguration [null] for test class [com.didispace.ApplicationTests]
10:25:47.294 [main] DEBUG o.s.t.annotation.ProfileValueUtils - Retrieved ProfileValueSource type [class org.springframework.test.annotation.SystemProfileValueSource] for class [com.didispace.ApplicationTests]
10:25:47.294 [main] DEBUG o.s.t.annotation.ProfileValueUtils - Retrieved @ProfileValueSourceConfiguration [null] for test class [com.didispace.ApplicationTests]
10:25:47.294 [main] DEBUG o.s.t.annotation.ProfileValueUtils - Retrieved ProfileValueSource type [class org.springframework.test.annotation.SystemProfileValueSource] for class [com.didispace.ApplicationTests]
10:25:47.295 [main] DEBUG o.s.t.c.s.AbstractDirtiesContextTestExecutionListener - Before test class: context [DefaultTestContext@63440df3 testClass = ApplicationTests, testInstance = [null], testMethod = [null], testException = [null], mergedContextConfiguration = [WebMergedContextConfiguration@3aeaafa6 testClass = ApplicationTests, locations = '{}', classes = '{class org.springframework.mock.web.MockServletContext}', contextInitializerClasses = '[]', activeProfiles = '{}', propertySourceLocations = '{}', propertySourceProperties = '{}', resourceBasePath = 'src/main/webapp', contextLoader = 'org.springframework.boot.test.SpringApplicationContextLoader', parent = [null]]], class annotated with @DirtiesContext [false] with mode [null].
10:25:47.296 [main] DEBUG o.s.t.annotation.ProfileValueUtils - Retrieved @ProfileValueSourceConfiguration [null] for test class [com.didispace.ApplicationTests]
10:25:47.296 [main] DEBUG o.s.t.annotation.ProfileValueUtils - Retrieved ProfileValueSource type [class org.springframework.test.annotation.SystemProfileValueSource] for class [com.didispace.ApplicationTests]
10:25:47.355 [main] DEBUG o.s.core.env.StandardEnvironment - Adding [systemProperties] PropertySource with lowest search precedence
10:25:47.357 [main] DEBUG o.s.core.env.StandardEnvironment - Adding [systemEnvironment] PropertySource with lowest search precedence
10:25:47.357 [main] DEBUG o.s.core.env.StandardEnvironment - Initialized StandardEnvironment with PropertySources [systemProperties,systemEnvironment]
10:25:47.359 [main] DEBUG o.s.core.env.StandardEnvironment - Adding [integrationTest] PropertySource with search precedence immediately lower than [systemEnvironment]

  .   ____          _            __ _ _
 /\\ / ___'_ __ _ _(_)_ __  __ _ \ \ \ \
( ( )\___ | '_ | '_| | '_ \/ _` | \ \ \ \
 \\/  ___)| |_)| | | | | || (_| |  ) ) ) )
  '  |____| .__|_| |_|_| |_\__, | / / / /
 =========|_|==============|___/=/_/_/_/
 :: Spring Boot ::        (v1.3.2.RELEASE)

2019-05-13 10:25:47.581  INFO 8108 --- [           main] com.didispace.ApplicationTests           : Starting ApplicationTests on ASUS-PC0i with PID 8108 (started by ASUS in D:\涓嬭浇\SpringBoot-Learning\Chapter3-1-2)
2019-05-13 10:25:47.581  INFO 8108 --- [           main] com.didispace.ApplicationTests           : No active profile set, falling back to default profiles: default
2019-05-13 10:25:47.821  INFO 8108 --- [           main] o.s.w.c.s.GenericWebApplicationContext   : Refreshing org.springframework.web.context.support.GenericWebApplicationContext@7f3b84b8: startup date [Mon May 13 10:25:47 CST 2019]; root of context hierarchy
2019-05-13 10:25:47.875  INFO 8108 --- [           main] com.didispace.ApplicationTests           : Started ApplicationTests in 0.507 seconds (JVM running for 0.942)
2019-05-13 10:25:48.004  INFO 8108 --- [           main] ilder$StaticRequestMappingHandlerMapping : Mapped "{[/bessky/]}" onto public java.lang.String com.zzj.web.HelloController.index(org.springframework.ui.ModelMap)
2019-05-13 10:25:48.006  INFO 8108 --- [           main] ilder$StaticRequestMappingHandlerMapping : Mapped "{[/bessky/getName],methods=[GET]}" onto public java.lang.String com.zzj.web.HelloController.hello()
2019-05-13 10:25:48.054  INFO 8108 --- [           main] s.w.s.m.m.a.RequestMappingHandlerAdapter : Looking for @ControllerAdvice: org.springframework.test.web.servlet.setup.StubWebApplicationContext@19e7a160
2019-05-13 10:25:48.088  INFO 8108 --- [           main] o.s.mock.web.MockServletContext          : Initializing Spring FrameworkServlet ''
2019-05-13 10:25:48.089  INFO 8108 --- [           main] o.s.t.web.servlet.TestDispatcherServlet  : FrameworkServlet '': initialization started
2019-05-13 10:25:48.089  INFO 8108 --- [           main] o.s.t.web.servlet.TestDispatcherServlet  : FrameworkServlet '': initialization completed in 0 ms
2019-05-13 10:25:48.105  WARN 8108 --- [           main] o.s.web.servlet.PageNotFound             : No mapping found for HTTP request with URI [/hello] in DispatcherServlet with name ''
]]></system-out>
  </testcase>
</testsuite>